<?xml version="1.0" encoding="UTF-8"?>
<!-- Generated by org.testng.reporters.JUnitXMLReporter -->
<testsuite ignored="6" hostname="LAPTOP-48D0T3G9" failures="0" tests="1" name="Parameter Test" time="6.609" errors="0" timestamp="2023-01-18T00:40:04 IST">
  <testcase classname="seleniumbasics.DemoWebShop" name="TC_007_verifyLoginByParameteriztion" time="1.542"/>
  <testcase classname="seleniumbasics.DemoWebShop" name="TC_003_verifyRegistration" time="0.0">
    <ignored/>
  </testcase> <!-- TC_003_verifyRegistration -->
  <testcase classname="seleniumbasics.DemoWebShop" name="TC_004_verifyInvalidLogin" time="0.0">
    <ignored/>
  </testcase> <!-- TC_004_verifyInvalidLogin -->
  <testcase classname="seleniumbasics.DemoWebShop" name="TC_005_verifyRegistrationDataRandomGeneration" time="0.0">
    <ignored/>
  </testcase> <!-- TC_005_verifyRegistrationDataRandomGeneration -->
  <testcase classname="seleniumbasics.DemoWebShop" name="TC_002_verifyLogin" time="0.0">
    <ignored/>
  </testcase> <!-- TC_002_verifyLogin -->
  <testcase classname="seleniumbasics.DemoWebShop" name="TC_006_verifyLoginByParameterization" time="0.0">
    <ignored/>
  </testcase> <!-- TC_006_verifyLoginByParameterization -->
  <testcase classname="seleniumbasics.DemoWebShop" name="TC_001_verifyDemoWebShopTitle" time="0.0">
    <ignored/>
  </testcase> <!-- TC_001_verifyDemoWebShopTitle -->
</testsuite> <!-- Parameter Test -->
