<?xml version="1.0" encoding="UTF-8"?>
<!-- Generated by org.testng.reporters.JUnitXMLReporter -->
<testsuite ignored="41" hostname="LAPTOP-48D0T3G9" failures="0" tests="5" name="Funtional Testing" time="12.444" errors="0" timestamp="2023-01-13T08:30:40 IST">
  <testcase classname="seleniumbasics.SeleniumBasics" name="TC_001_verifyObsquraTitle" time="3.682"/>
  <testcase classname="seleniumbasics.SeleniumBasics" name="TC_002_verifyTwoInputFieldMessage" time="1.714"/>
  <testcase classname="seleniumbasics.SeleniumBasics" name="TC_003_verifySingleInputFieldMessage" time="1.668"/>
  <testcase classname="seleniumbasics.Vehicle" name="verifyVehicleQuality" time="0.001"/>
  <testcase classname="seleniumbasics.Vehicle" name="verifyVehicleBrand" time="0.001"/>
  <testcase classname="seleniumbasics.SeleniumBasics" name="TC_008_verifyInstantDemoForm" time="0.0">
    <ignored/>
  </testcase> <!-- TC_008_verifyInstantDemoForm -->
  <testcase classname="seleniumbasics.SeleniumBasics" name="TC_033_verifyValuesInDropDown" time="0.0">
    <ignored/>
  </testcase> <!-- TC_033_verifyValuesInDropDown -->
  <testcase classname="seleniumbasics.SeleniumBasics" name="TC_007_verifyNewsLetter" time="0.0">
    <ignored/>
  </testcase> <!-- TC_007_verifyNewsLetter -->
  <testcase classname="seleniumbasics.SeleniumBasics" name="TC_021_verifyMultipleWindowHandlingHomeWork3" time="0.0">
    <ignored/>
  </testcase> <!-- TC_021_verifyMultipleWindowHandlingHomeWork3 -->
  <testcase classname="seleniumbasics.SeleniumBasics" name="TC_017_verifyDiffBwFindElementAndFindElements" time="0.0">
    <ignored/>
  </testcase> <!-- TC_017_verifyDiffBwFindElementAndFindElements -->
  <testcase classname="seleniumbasics.SeleniumBasics" name="TC_014_verifyIsDisplayed" time="0.0">
    <ignored/>
  </testcase> <!-- TC_014_verifyIsDisplayed -->
  <testcase classname="seleniumbasics.SeleniumBasics" name="TC_035_verifyFileUploadInSelenium" time="0.0">
    <ignored/>
  </testcase> <!-- TC_035_verifyFileUploadInSelenium -->
  <testcase classname="seleniumbasics.SeleniumBasics" name="TC_022_verifySimpleAlert" time="0.0">
    <ignored/>
  </testcase> <!-- TC_022_verifySimpleAlert -->
  <testcase classname="seleniumbasics.SeleniumBasics" name="TC_029_verifyDragAndDrop" time="0.0">
    <ignored/>
  </testcase> <!-- TC_029_verifyDragAndDrop -->
  <testcase classname="seleniumbasics.SeleniumBasics" name="TC_010_verifyNavigateTo" time="0.0">
    <ignored/>
  </testcase> <!-- TC_010_verifyNavigateTo -->
  <testcase classname="seleniumbasics.SeleniumBasics" name="TC_032_verifyDragAndDropHW" time="0.0">
    <ignored/>
  </testcase> <!-- TC_032_verifyDragAndDropHW -->
  <testcase classname="seleniumbasics.SeleniumBasics" name="TC_025_verifyTextInFrame" time="0.0">
    <ignored/>
  </testcase> <!-- TC_025_verifyTextInFrame -->
  <testcase classname="seleniumbasics.SeleniumBasics" name="TC_044_verifyFileUploadUsingRobotClass" time="0.0">
    <ignored/>
  </testcase> <!-- TC_044_verifyFileUploadUsingRobotClass -->
  <testcase classname="seleniumbasics.SeleniumBasics" name="TC_024_verifyPromptAlert" time="0.0">
    <ignored/>
  </testcase> <!-- TC_024_verifyPromptAlert -->
  <testcase classname="seleniumbasics.SeleniumBasics" name="TC_042_verifyHorizontalScroll" time="0.0">
    <ignored/>
  </testcase> <!-- TC_042_verifyHorizontalScroll -->
  <testcase classname="seleniumbasics.SeleniumBasics" name="TC_020_verifyMultipleWindowHandlingHomeWork2" time="0.0">
    <ignored/>
  </testcase> <!-- TC_020_verifyMultipleWindowHandlingHomeWork2 -->
  <testcase classname="seleniumbasics.SeleniumBasics" name="TC_006_verifySubmitForm" time="0.0">
    <ignored/>
  </testcase> <!-- TC_006_verifySubmitForm -->
  <testcase classname="seleniumbasics.SeleniumBasics" name="TC_009_verifyQuitAndClose" time="0.0">
    <ignored/>
  </testcase> <!-- TC_009_verifyQuitAndClose -->
  <testcase classname="seleniumbasics.SeleniumBasics" name="TC_016_verfyIsEnabled" time="0.0">
    <ignored/>
  </testcase> <!-- TC_016_verfyIsEnabled -->
  <testcase classname="seleniumbasics.SeleniumBasics" name="TC_013_verifyWebElementCommands" time="0.0">
    <ignored/>
  </testcase> <!-- TC_013_verifyWebElementCommands -->
  <testcase classname="seleniumbasics.SeleniumBasics" name="TC_038_verifyReviewGlobal" time="0.0">
    <ignored/>
  </testcase> <!-- TC_038_verifyReviewGlobal -->
  <testcase classname="seleniumbasics.SeleniumBasics" name="TC_028_verifyMouseOver" time="0.0">
    <ignored/>
  </testcase> <!-- TC_028_verifyMouseOver -->
  <testcase classname="seleniumbasics.SeleniumBasics" name="TC_015_verifyIsSelected" time="0.0">
    <ignored/>
  </testcase> <!-- TC_015_verifyIsSelected -->
  <testcase classname="seleniumbasics.SeleniumBasics" name="TC_019_verifyMultipleWindowHandlingHomeWork1" time="0.0">
    <ignored/>
  </testcase> <!-- TC_019_verifyMultipleWindowHandlingHomeWork1 -->
  <testcase classname="seleniumbasics.SeleniumBasics" name="TC_031_verifyDragAndResizeHW" time="0.0">
    <ignored/>
  </testcase> <!-- TC_031_verifyDragAndResizeHW -->
  <testcase classname="seleniumbasics.SeleniumBasics" name="TC_030_verifyDragAndDropByOffset" time="0.0">
    <ignored/>
  </testcase> <!-- TC_030_verifyDragAndDropByOffset -->
  <testcase classname="seleniumbasics.SeleniumBasics" name="TC_012_verifyForwardAndBackword" time="0.0">
    <ignored/>
  </testcase> <!-- TC_012_verifyForwardAndBackword -->
  <testcase classname="seleniumbasics.SeleniumBasics" name="TC_011_verifyRefresh" time="0.0">
    <ignored/>
  </testcase> <!-- TC_011_verifyRefresh -->
  <testcase classname="seleniumbasics.SeleniumBasics" name="TC_027_verifyDoubleClick" time="0.0">
    <ignored/>
  </testcase> <!-- TC_027_verifyDoubleClick -->
  <testcase classname="seleniumbasics.SeleniumBasics" name="TC_040_verifyScrollingToViewOfWebElement" time="0.0">
    <ignored/>
  </testcase> <!-- TC_040_verifyScrollingToViewOfWebElement -->
  <testcase classname="seleniumbasics.SeleniumBasics" name="TC_018_verifyMultipleWindowHandling" time="0.0">
    <ignored/>
  </testcase> <!-- TC_018_verifyMultipleWindowHandling -->
  <testcase classname="seleniumbasics.SeleniumBasics" name="TC_023_verifyConfirmationAlert" time="0.0">
    <ignored/>
  </testcase> <!-- TC_023_verifyConfirmationAlert -->
  <testcase classname="seleniumbasics.SeleniumBasics" name="TC_043_verifyTable" time="0.0">
    <ignored/>
  </testcase> <!-- TC_043_verifyTable -->
  <testcase classname="seleniumbasics.SeleniumBasics" name="TC_026_verifyRightClick" time="0.0">
    <ignored/>
  </testcase> <!-- TC_026_verifyRightClick -->
  <testcase classname="seleniumbasics.SeleniumBasics" name="TC_004_verifyValidationMessage" time="0.0">
    <ignored/>
  </testcase> <!-- TC_004_verifyValidationMessage -->
  <testcase classname="seleniumbasics.SeleniumBasics" name="TC_037_verifyWeightInSelenium" time="0.0">
    <ignored/>
  </testcase> <!-- TC_037_verifyWeightInSelenium -->
  <testcase classname="seleniumbasics.SeleniumBasics" name="TC_005_verifySubmitFormNOZip" time="0.0">
    <ignored/>
  </testcase> <!-- TC_005_verifySubmitFormNOZip -->
  <testcase classname="seleniumbasics.SeleniumBasics" name="TC_036_verifyJavaScriptExecutor" time="0.0">
    <ignored/>
  </testcase> <!-- TC_036_verifyJavaScriptExecutor -->
  <testcase classname="seleniumbasics.SeleniumBasics" name="TC_039_verifyScrollDownOfWebPage" time="0.0">
    <ignored/>
  </testcase> <!-- TC_039_verifyScrollDownOfWebPage -->
  <testcase classname="seleniumbasics.SeleniumBasics" name="TC_041_verifyScrollToBottomOfPage" time="0.0">
    <ignored/>
  </testcase> <!-- TC_041_verifyScrollToBottomOfPage -->
  <testcase classname="seleniumbasics.SeleniumBasics" name="TC_034_verifyMethodsInSelectClass" time="0.0">
    <ignored/>
  </testcase> <!-- TC_034_verifyMethodsInSelectClass -->
</testsuite> <!-- Funtional Testing -->
