<?xml version="1.0" encoding="UTF-8"?>
<testng-results ignored="6" total="7" passed="1" failed="0" skipped="0">
  <reporter-output>
  </reporter-output>
  <suite started-at="2023-01-18T00:39:58 IST" name="Parameter Suite" finished-at="2023-01-18T00:40:04 IST" duration-ms="6609">
    <groups>
    </groups>
    <test started-at="2023-01-18T00:39:58 IST" name="Parameter Test" finished-at="2023-01-18T00:40:04 IST" duration-ms="6609">
      <class name="seleniumbasics.DemoWebShop">
        <test-method is-config="true" signature="setUp(java.lang.String,java.lang.String)[pri:0, instance:seleniumbasics.DemoWebShop@79efed2d]" started-at="2023-01-18T00:39:58 IST" name="setUp" finished-at="2023-01-18T00:40:02 IST" duration-ms="4907" status="PASS">
          <params>
            <param index="0">
              <value>
                <![CDATA[chrome]]>
              </value>
            </param>
            <param index="1">
              <value>
                <![CDATA[https://demowebshop.tricentis.com/]]>
              </value>
            </param>
          </params>
          <reporter-output>
          </reporter-output>
        </test-method> <!-- setUp -->
        <test-method signature="TC_007_verifyLoginByParameteriztion(java.lang.String,java.lang.String)[pri:0, instance:seleniumbasics.DemoWebShop@79efed2d]" started-at="2023-01-18T00:40:02 IST" name="TC_007_verifyLoginByParameteriztion" finished-at="2023-01-18T00:40:04 IST" duration-ms="1542" status="PASS">
          <params>
            <param index="0">
              <value>
                <![CDATA[abelSam@gmail.com]]>
              </value>
            </param>
            <param index="1">
              <value>
                <![CDATA[Abel@123]]>
              </value>
            </param>
          </params>
          <reporter-output>
          </reporter-output>
        </test-method> <!-- TC_007_verifyLoginByParameteriztion -->
        <test-method is-config="true" signature="tearDown(org.testng.ITestResult)[pri:0, instance:seleniumbasics.DemoWebShop@79efed2d]" started-at="2023-01-18T00:40:04 IST" name="tearDown" finished-at="2023-01-18T00:40:04 IST" duration-ms="103" status="PASS">
          <params>
            <param index="0">
              <value>
                <![CDATA[[TestResult name=TC_007_verifyLoginByParameteriztion status=SUCCESS method=DemoWebShop.TC_007_verifyLoginByParameteriztion(java.lang.String,java.lang.String)[pri:0, instance:seleniumbasics.DemoWebShop@79efed2d] output={null}]]]>
              </value>
            </param>
          </params>
          <reporter-output>
          </reporter-output>
        </test-method> <!-- tearDown -->
      </class> <!-- seleniumbasics.DemoWebShop -->
    </test> <!-- Parameter Test -->
  </suite> <!-- Parameter Suite -->
</testng-results>
